Using pre-set license
Built from '2021.1/staging' branch; Version is '2021.1.5f1 (3737af19df53) revision 3618735'; Using compiler version '192528614'; Build Type 'Release'
OS: 'Windows 10 Home; OS build 19043.1165; Version 2009; 64bit' Language: 'en' Physical Memory: 32716 MB
BatchMode: 1, IsHumanControllingUs: 0, StartBugReporterOnCrash: 0, Is64bit: 1, IsPro: 0

 COMMAND LINE ARGUMENTS:
C:\Program Files\Unity\Hub\Editor\2021.1.5f1\Editor\Unity.exe
-adb2
-batchMode
-noUpm
-name
AssetImportWorker0
-projectPath
C:/Users/Matt/Desktop/gamejam-2021/GameJam
-logFile
Logs/AssetImportWorker0.log
-srvPort
55092
Successfully changed project path to: C:/Users/Matt/Desktop/gamejam-2021/GameJam
C:/Users/Matt/Desktop/gamejam-2021/GameJam
Using Asset Import Pipeline V2.
Refreshing native plugins compatible for Editor in 84.41 ms, found 1 plugins.
Preloading 0 native plugins for Editor in 0.00 ms.
Initialize engine version: 2021.1.5f1 (3737af19df53)
[Subsystems] Discovering subsystems at path C:/Program Files/Unity/Hub/Editor/2021.1.5f1/Editor/Data/Resources/UnitySubsystems
[Subsystems] Discovering subsystems at path C:/Users/Matt/Desktop/gamejam-2021/GameJam/Assets
GfxDevice: creating device client; threaded=0; jobified=0
Direct3D:
    Version:  Direct3D 11.0 [level 11.1]
    Renderer: NVIDIA GeForce GTX 1660 Ti (ID=0x2182)
    Vendor:   NVIDIA
    VRAM:     5991 MB
    Driver:   30.0.14.7168
Initialize mono
Mono path[0] = 'C:/Program Files/Unity/Hub/Editor/2021.1.5f1/Editor/Data/Managed'
Mono path[1] = 'C:/Program Files/Unity/Hub/Editor/2021.1.5f1/Editor/Data/MonoBleedingEdge/lib/mono/unityjit'
Mono config path = 'C:/Program Files/Unity/Hub/Editor/2021.1.5f1/Editor/Data/MonoBleedingEdge/etc'
Using monoOptions --debugger-agent=transport=dt_socket,embedding=1,server=y,suspend=n,address=127.0.0.1:56068
Begin MonoManager ReloadAssembly
Registering precompiled unity dll's ...
Register platform support module: C:/Program Files/Unity/Hub/Editor/2021.1.5f1/Editor/Data/PlaybackEngines/WebGLSupport/UnityEditor.WebGL.Extensions.dll
Register platform support module: C:/Program Files/Unity/Hub/Editor/2021.1.5f1/Editor/Data/PlaybackEngines/MacStandaloneSupport/UnityEditor.OSXStandalone.Extensions.dll
Register platform support module: C:/Program Files/Unity/Hub/Editor/2021.1.5f1/Editor/Data/PlaybackEngines/WindowsStandaloneSupport/UnityEditor.WindowsStandalone.Extensions.dll
Register platform support module: C:/Program Files/Unity/Hub/Editor/2021.1.5f1/Editor/Data/PlaybackEngines/LinuxStandaloneSupport/UnityEditor.LinuxStandalone.Extensions.dll
Registered in 0.002494 seconds.
Native extension for LinuxStandalone target not found
Native extension for WindowsStandalone target not found
Native extension for OSXStandalone target not found
Native extension for WebGL target not found
Refreshing native plugins compatible for Editor in 87.34 ms, found 1 plugins.
Preloading 0 native plugins for Editor in 0.00 ms.
Mono: successfully reloaded assembly
- Completed reload, in  1.182 seconds
Platform modules already initialized, skipping
Registering precompiled user dll's ...
Registered in 0.002914 seconds.
Begin MonoManager ReloadAssembly
Native extension for LinuxStandalone target not found
Native extension for WindowsStandalone target not found
Native extension for OSXStandalone target not found
Native extension for WebGL target not found
Refreshing native plugins compatible for Editor in 88.00 ms, found 1 plugins.
Preloading 0 native plugins for Editor in 0.00 ms.
Mono: successfully reloaded assembly
- Completed reload, in  0.964 seconds
Platform modules already initialized, skipping
========================================================================
Worker process is ready to serve import requests
Shader 'Universal Render Pipeline/Particles/Lit': fallback shader 'Universal Render Pipeline/Particles/SimpleLit' not found
Shader 'Universal Render Pipeline/Particles/Lit': fallback shader 'Universal Render Pipeline/Particles/SimpleLit' not found
Launched and connected shader compiler UnityShaderCompiler.exe after 0.04 seconds
Refreshing native plugins compatible for Editor in 0.90 ms, found 1 plugins.
Preloading 0 native plugins for Editor in 0.00 ms.
Unloading 3946 Unused Serialized files (Serialized files now loaded: 0)
System memory in use before: 153.3 MB.
System memory in use after: 149.7 MB.

Unloading 59 unused Assets to reduce memory usage. Loaded Objects now: 4355.
Total: 4.745000 ms (FindLiveObjects: 0.699900 ms CreateObjectMapping: 0.373000 ms MarkObjects: 2.318500 ms  DeleteObjects: 1.352300 ms)

========================================================================
Received Import Request.
  path: Assets/Prefabs
  artifactKey: Guid(040311ada6db93040a252c8ec3630976) Importer(815301076,1909f56bfc062723c751e8b465ee728b)
Start importing Assets/Prefabs using Guid(040311ada6db93040a252c8ec3630976) Importer(815301076,1909f56bfc062723c751e8b465ee728b)  -> (artifact id: 'a26cf746979fd046a044282f30a9ada3') in 0.010628 seconds 
========================================================================
Received Import Request.
  Time since last request: 6474.000324 seconds.
  path: Assets/Prefabs/Inventory
  artifactKey: Guid(4a8b167897d9d8142909099e33561a0c) Importer(815301076,1909f56bfc062723c751e8b465ee728b)
Start importing Assets/Prefabs/Inventory using Guid(4a8b167897d9d8142909099e33561a0c) Importer(815301076,1909f56bfc062723c751e8b465ee728b)  -> (artifact id: 'f2ecb52b4f211c5f164a3ae2e918a7d9') in 0.005462 seconds 
========================================================================
Received Prepare
Registering precompiled user dll's ...
Registered in 0.003094 seconds.
Begin MonoManager ReloadAssembly
Native extension for LinuxStandalone target not found
Native extension for WindowsStandalone target not found
Native extension for OSXStandalone target not found
Native extension for WebGL target not found
Refreshing native plugins compatible for Editor in 1.21 ms, found 1 plugins.
Preloading 0 native plugins for Editor in 0.00 ms.
Mono: successfully reloaded assembly
- Completed reload, in  0.932 seconds
Platform modules already initialized, skipping
Shader 'Universal Render Pipeline/Particles/Lit': fallback shader 'Universal Render Pipeline/Particles/SimpleLit' not found
Shader 'Universal Render Pipeline/Particles/Lit': fallback shader 'Universal Render Pipeline/Particles/SimpleLit' not found
Refreshing native plugins compatible for Editor in 0.95 ms, found 1 plugins.
Preloading 0 native plugins for Editor in 0.00 ms.
Unloading 3949 Unused Serialized files (Serialized files now loaded: 0)
System memory in use before: 153.0 MB.
System memory in use after: 149.5 MB.

Unloading 54 unused Assets to reduce memory usage. Loaded Objects now: 4382.
Total: 4.734100 ms (FindLiveObjects: 0.488200 ms CreateObjectMapping: 0.142400 ms MarkObjects: 2.636500 ms  DeleteObjects: 1.465000 ms)

========================================================================
Received Import Request.
  Time since last request: 4813.305336 seconds.
  path: Assets/VariableInventorySystem
  artifactKey: Guid(fc2e30e796b9c504bb771c5e10db263c) Importer(815301076,1909f56bfc062723c751e8b465ee728b)
Start importing Assets/VariableInventorySystem using Guid(fc2e30e796b9c504bb771c5e10db263c) Importer(815301076,1909f56bfc062723c751e8b465ee728b)  -> (artifact id: '94a42c6ad2140fc22a4eaff816f8eac0') in 0.012529 seconds 
========================================================================
Received Import Request.
  Time since last request: 0.699644 seconds.
  path: Assets/VariableInventorySystem/Standard
  artifactKey: Guid(21e4274e730ceb642ac4d64e5d9cdf14) Importer(815301076,1909f56bfc062723c751e8b465ee728b)
Start importing Assets/VariableInventorySystem/Standard using Guid(21e4274e730ceb642ac4d64e5d9cdf14) Importer(815301076,1909f56bfc062723c751e8b465ee728b)  -> (artifact id: '8ae6a94d29753cfab5d2d9d1c82bf347') in 0.005835 seconds 
========================================================================
Received Import Request.
  Time since last request: 1.188573 seconds.
  path: Assets/VariableInventorySystem/Standard/IStandardCaseCellData.cs
  artifactKey: Guid(910d3d8f3d91c6742a6115c3117039e3) Importer(815301076,1909f56bfc062723c751e8b465ee728b)
Start importing Assets/VariableInventorySystem/Standard/IStandardCaseCellData.cs using Guid(910d3d8f3d91c6742a6115c3117039e3) Importer(815301076,1909f56bfc062723c751e8b465ee728b)  -> (artifact id: '40b5425dec92478d790c90498439a04c') in 0.019570 seconds 
========================================================================
Received Import Request.
  Time since last request: 1.323832 seconds.
  path: Assets/VariableInventorySystem/Variable Inventory System Document (Japanese).pdf
  artifactKey: Guid(95195d865de43a24fa358ac513cbf762) Importer(815301076,1909f56bfc062723c751e8b465ee728b)
Start importing Assets/VariableInventorySystem/Variable Inventory System Document (Japanese).pdf using Guid(95195d865de43a24fa358ac513cbf762) Importer(815301076,1909f56bfc062723c751e8b465ee728b)  -> (artifact id: '030346e44e7da73b65dc7853e96f76f0') in 0.031194 seconds 
========================================================================
Received Import Request.
  Time since last request: 1.028032 seconds.
  path: Assets/VariableInventorySystem/Variable Inventory System Document (English).pdf
  artifactKey: Guid(02bf473f973e243468afb6be6a0f9726) Importer(815301076,1909f56bfc062723c751e8b465ee728b)
Start importing Assets/VariableInventorySystem/Variable Inventory System Document (English).pdf using Guid(02bf473f973e243468afb6be6a0f9726) Importer(815301076,1909f56bfc062723c751e8b465ee728b)  -> (artifact id: '3532709b623a9f14edf85cf94161a27f') in 0.006359 seconds 
========================================================================
Received Import Request.
  Time since last request: 164.498718 seconds.
  path: Assets/VariableInventorySystem/Sample
  artifactKey: Guid(30a12834ebad893438e67266104f889e) Importer(815301076,1909f56bfc062723c751e8b465ee728b)
Start importing Assets/VariableInventorySystem/Sample using Guid(30a12834ebad893438e67266104f889e) Importer(815301076,1909f56bfc062723c751e8b465ee728b)  -> (artifact id: 'cb2ab568a2c9fa3241ca1500b118fb71') in 0.006352 seconds 
========================================================================
Received Import Request.
  Time since last request: 3.596162 seconds.
  path: Assets/VariableInventorySystem/Sample/Resources
  artifactKey: Guid(b55766c3db02ee549aa9a5ccc8cbdabc) Importer(815301076,1909f56bfc062723c751e8b465ee728b)
Start importing Assets/VariableInventorySystem/Sample/Resources using Guid(b55766c3db02ee549aa9a5ccc8cbdabc) Importer(815301076,1909f56bfc062723c751e8b465ee728b)  -> (artifact id: 'e77f7515cae4bb568a8d2ba156318cbb') in 0.006670 seconds 
========================================================================
Received Import Request.
  Time since last request: 0.022845 seconds.
  path: Assets/VariableInventorySystem/Sample/Resources/StandardCaseViewPopup.prefab
  artifactKey: Guid(926d037e670c1314ba97f4c1011ade23) Importer(815301076,1909f56bfc062723c751e8b465ee728b)
Start importing Assets/VariableInventorySystem/Sample/Resources/StandardCaseViewPopup.prefab using Guid(926d037e670c1314ba97f4c1011ade23) Importer(815301076,1909f56bfc062723c751e8b465ee728b)  -> (artifact id: 'fd1fa82072c66d963d01ef064df71077') in 0.049324 seconds 
========================================================================
Received Import Request.
  Time since last request: 0.000164 seconds.
  path: Assets/VariableInventorySystem/Sample/Resources/StandardCell.prefab
  artifactKey: Guid(743647b5753f57548ba09533015a6f31) Importer(815301076,1909f56bfc062723c751e8b465ee728b)
Start importing Assets/VariableInventorySystem/Sample/Resources/StandardCell.prefab using Guid(743647b5753f57548ba09533015a6f31) Importer(815301076,1909f56bfc062723c751e8b465ee728b)  -> (artifact id: '4fd9715dabae13ec26ccdad3a13534ae') in 0.007969 seconds 
========================================================================
Received Import Request.
  Time since last request: 0.000143 seconds.
  path: Assets/VariableInventorySystem/Sample/Resources/StandardStashView.prefab
  artifactKey: Guid(78a46e7d90be3ca479a7b378b85099fa) Importer(815301076,1909f56bfc062723c751e8b465ee728b)
Start importing Assets/VariableInventorySystem/Sample/Resources/StandardStashView.prefab using Guid(78a46e7d90be3ca479a7b378b85099fa) Importer(815301076,1909f56bfc062723c751e8b465ee728b)  -> (artifact id: '09c8bfb57a5ba8d9546b8774739674da') in 0.008811 seconds 
========================================================================
Received Import Request.
  Time since last request: 0.579086 seconds.
  path: Assets/VariableInventorySystem/Sample/Resources/UI
  artifactKey: Guid(18f5b1ad8d8fb574b9bc5fd40f134efb) Importer(815301076,1909f56bfc062723c751e8b465ee728b)
Start importing Assets/VariableInventorySystem/Sample/Resources/UI using Guid(18f5b1ad8d8fb574b9bc5fd40f134efb) Importer(815301076,1909f56bfc062723c751e8b465ee728b)  -> (artifact id: '86ada4b6f1e6384e037abbe79fc6d65c') in 0.005778 seconds 
========================================================================
Received Import Request.
  Time since last request: 0.021970 seconds.
  path: Assets/VariableInventorySystem/Sample/Resources/UI/frame1.png
  artifactKey: Guid(e73d80077976f0945a3dae6125cc6281) Importer(815301076,1909f56bfc062723c751e8b465ee728b)
Start importing Assets/VariableInventorySystem/Sample/Resources/UI/frame1.png using Guid(e73d80077976f0945a3dae6125cc6281) Importer(815301076,1909f56bfc062723c751e8b465ee728b)  -> (artifact id: '9a01e2b5980a241b01bab65d51e27206') in 0.060546 seconds 
========================================================================
Received Import Request.
  Time since last request: 0.000168 seconds.
  path: Assets/VariableInventorySystem/Sample/Resources/UI/tile.png
  artifactKey: Guid(534a1bcd3701c4f43a1c6b2a7fc30924) Importer(815301076,1909f56bfc062723c751e8b465ee728b)
Start importing Assets/VariableInventorySystem/Sample/Resources/UI/tile.png using Guid(534a1bcd3701c4f43a1c6b2a7fc30924) Importer(815301076,1909f56bfc062723c751e8b465ee728b)  -> (artifact id: '6f65d0b9d2d09df9a3221d261bf5eff9') in 0.014151 seconds 
========================================================================
Received Import Request.
  Time since last request: 0.000168 seconds.
  path: Assets/VariableInventorySystem/Sample/Resources/UI/frame2.png
  artifactKey: Guid(a01b701c36b00b8439ef1a527ee14250) Importer(815301076,1909f56bfc062723c751e8b465ee728b)
Start importing Assets/VariableInventorySystem/Sample/Resources/UI/frame2.png using Guid(a01b701c36b00b8439ef1a527ee14250) Importer(815301076,1909f56bfc062723c751e8b465ee728b)  -> (artifact id: '1e7beafa012c11dfa2df934b9e54dc0d') in 0.012373 seconds 
========================================================================
Received Import Request.
  Time since last request: 47.529888 seconds.
  path: Assets/VariableInventorySystem/Sample/Resources/Image
  artifactKey: Guid(e012ad5fe43792f4497067fe5d02d158) Importer(815301076,1909f56bfc062723c751e8b465ee728b)
Start importing Assets/VariableInventorySystem/Sample/Resources/Image using Guid(e012ad5fe43792f4497067fe5d02d158) Importer(815301076,1909f56bfc062723c751e8b465ee728b)  -> (artifact id: '6a2e2c22ebf7b769ff13859c0211993b') in 0.006091 seconds 
========================================================================
Received Import Request.
  Time since last request: 1.570981 seconds.
  path: Assets/VariableInventorySystem/Sample/Sample.unity
  artifactKey: Guid(7ea8ebf0153f4294f92dbfd7f4b7e22d) Importer(815301076,1909f56bfc062723c751e8b465ee728b)
Start importing Assets/VariableInventorySystem/Sample/Sample.unity using Guid(7ea8ebf0153f4294f92dbfd7f4b7e22d) Importer(815301076,1909f56bfc062723c751e8b465ee728b)  -> (artifact id: '4194777482fa59818f5bf2aca9b4ea70') in 0.006275 seconds 
========================================================================
Received Import Request.
  Time since last request: 8362.253878 seconds.
  path: Assets/Scenes/Puzzle.unity
  artifactKey: Guid(d9ad46a38c2893c47b9dbc0314a95efa) Importer(815301076,1909f56bfc062723c751e8b465ee728b)
Start importing Assets/Scenes/Puzzle.unity using Guid(d9ad46a38c2893c47b9dbc0314a95efa) Importer(815301076,1909f56bfc062723c751e8b465ee728b)  -> (artifact id: '601d3ca9c24487999bb737c382066c61') in 0.013546 seconds 
========================================================================
Received Prepare
Registering precompiled user dll's ...
Registered in 0.002997 seconds.
Begin MonoManager ReloadAssembly
Native extension for LinuxStandalone target not found
Native extension for WindowsStandalone target not found
Native extension for OSXStandalone target not found
Native extension for WebGL target not found
Refreshing native plugins compatible for Editor in 0.80 ms, found 1 plugins.
Preloading 0 native plugins for Editor in 0.00 ms.
Mono: successfully reloaded assembly
- Completed reload, in  1.166 seconds
Platform modules already initialized, skipping
Shader 'Universal Render Pipeline/Particles/Lit': fallback shader 'Universal Render Pipeline/Particles/SimpleLit' not found
Shader 'Universal Render Pipeline/Particles/Lit': fallback shader 'Universal Render Pipeline/Particles/SimpleLit' not found
Refreshing native plugins compatible for Editor in 0.84 ms, found 1 plugins.
Preloading 0 native plugins for Editor in 0.00 ms.
Unloading 3925 Unused Serialized files (Serialized files now loaded: 0)
System memory in use before: 158.1 MB.
System memory in use after: 154.5 MB.

Unloading 81 unused Assets to reduce memory usage. Loaded Objects now: 4413.
Total: 4.304800 ms (FindLiveObjects: 0.422100 ms CreateObjectMapping: 0.146800 ms MarkObjects: 2.236900 ms  DeleteObjects: 1.497400 ms)

AssetImportWorkerClient::OnTransportError - code=2 error=End of file
